# JRE version: Java(TM) SE Runtime Environment (8.0_171-b11) (build 1.8.0_171-b11)
# Java VM: Java HotSpot(TM) 64-Bit Server VM (25.171-b11 mixed mode windows-amd64 compressed oops)
Heap:
 PSYoungGen      total 132096K, used 7640K [0x00000000d7500000, 0x00000000dfb00000, 0x0000000100000000)
  eden space 126976K, 1% used [0x00000000d7500000,0x00000000d77762a8,0x00000000df100000)
  from space 5120K, 100% used [0x00000000df600000,0x00000000dfb00000,0x00000000dfb00000)
  to   space 5120K, 0% used [0x00000000df100000,0x00000000df100000,0x00000000df600000)
 ParOldGen       total 84992K, used 12807K [0x0000000085e00000, 0x000000008b100000, 0x00000000d7500000)
  object space 84992K, 15% used [0x0000000085e00000,0x0000000086a81c00,0x000000008b100000)
 Metaspace       used 20672K, capacity 21166K, committed 21296K, reserved 1069056K
  class space    used 2490K, capacity 2651K, committed 2688K, reserved 1048576K
GC Heap History (8 events):
Event: 1.543 GC heap before
{Heap before GC invocations=1 (full 0):
 PSYoungGen      total 36864K, used 31744K [0x00000000d7500000, 0x00000000d9e00000, 0x0000000100000000)
  eden space 31744K, 100% used [0x00000000d7500000,0x00000000d9400000,0x00000000d9400000)
  from space 5120K, 0% used [0x00000000d9900000,0x00000000d9900000,0x00000000d9e00000)
  to   space 5120K, 0% used [0x00000000d9400000,0x00000000d9400000,0x00000000d9900000)
 ParOldGen       total 84992K, used 0K [0x0000000085e00000, 0x000000008b100000, 0x00000000d7500000)
  object space 84992K, 0% used [0x0000000085e00000,0x0000000085e00000,0x000000008b100000)
 Metaspace       used 7890K, capacity 8060K, committed 8320K, reserved 1056768K
  class space    used 985K, capacity 1052K, committed 1152K, reserved 1048576K
Event: 1.559 GC heap after
Heap after GC invocations=1 (full 0):
 PSYoungGen      total 36864K, used 4804K [0x00000000d7500000, 0x00000000dbd00000, 0x0000000100000000)
  eden space 31744K, 0% used [0x00000000d7500000,0x00000000d7500000,0x00000000d9400000)
  from space 5120K, 93% used [0x00000000d9400000,0x00000000d98b13e0,0x00000000d9900000)
  to   space 5120K, 0% used [0x00000000db800000,0x00000000db800000,0x00000000dbd00000)
 ParOldGen       total 84992K, used 8K [0x0000000085e00000, 0x000000008b100000, 0x00000000d7500000)
  object space 84992K, 0% used [0x0000000085e00000,0x0000000085e02000,0x000000008b100000)
 Metaspace       used 7890K, capacity 8060K, committed 8320K, reserved 1056768K
  class space    used 985K, capacity 1052K, committed 1152K, reserved 1048576K
}
Event: 2.887 GC heap before
{Heap before GC invocations=2 (full 0):
 PSYoungGen      total 36864K, used 36548K [0x00000000d7500000, 0x00000000dbd00000, 0x0000000100000000)
  eden space 31744K, 100% used [0x00000000d7500000,0x00000000d9400000,0x00000000d9400000)
  from space 5120K, 93% used [0x00000000d9400000,0x00000000d98b13e0,0x00000000d9900000)
  to   space 5120K, 0% used [0x00000000db800000,0x00000000db800000,0x00000000dbd00000)
 ParOldGen       total 84992K, used 8K [0x0000000085e00000, 0x000000008b100000, 0x00000000d7500000)
  object space 84992K, 0% used [0x0000000085e00000,0x0000000085e02000,0x000000008b100000)
 Metaspace       used 11779K, capacity 11950K, committed 12160K, reserved 1060864K
  class space    used 1483K, capacity 1577K, committed 1664K, reserved 1048576K
Event: 2.915 GC heap after
Heap after GC invocations=2 (full 0):
 PSYoungGen      total 68608K, used 5089K [0x00000000d7500000, 0x00000000dbd00000, 0x0000000100000000)
  eden space 63488K, 0% used [0x00000000d7500000,0x00000000d7500000,0x00000000db300000)
  from space 5120K, 99% used [0x00000000db800000,0x00000000dbcf86a0,0x00000000dbd00000)
  to   space 5120K, 0% used [0x00000000db300000,0x00000000db300000,0x00000000db800000)
 ParOldGen       total 84992K, used 2301K [0x0000000085e00000, 0x000000008b100000, 0x00000000d7500000)
  object space 84992K, 2% used [0x0000000085e00000,0x000000008603f410,0x000000008b100000)
 Metaspace       used 11779K, capacity 11950K, committed 12160K, reserved 1060864K
  class space    used 1483K, capacity 1577K, committed 1664K, reserved 1048576K
}
Event: 8.781 GC heap before
{Heap before GC invocations=3 (full 0):
 PSYoungGen      total 68608K, used 68577K [0x00000000d7500000, 0x00000000dbd00000, 0x0000000100000000)
  eden space 63488K, 100% used [0x00000000d7500000,0x00000000db300000,0x00000000db300000)
  from space 5120K, 99% used [0x00000000db800000,0x00000000dbcf86a0,0x00000000dbd00000)
  to   space 5120K, 0% used [0x00000000db300000,0x00000000db300000,0x00000000db800000)
 ParOldGen       total 84992K, used 2301K [0x0000000085e00000, 0x000000008b100000, 0x00000000d7500000)
  object space 84992K, 2% used [0x0000000085e00000,0x000000008603f410,0x000000008b100000)
 Metaspace       used 15647K, capacity 15980K, committed 16128K, reserved 1062912K
  class space    used 1893K, capacity 1986K, committed 2048K, reserved 1048576K
Event: 8.817 GC heap after
Heap after GC invocations=3 (full 0):
 PSYoungGen      total 68608K, used 5104K [0x00000000d7500000, 0x00000000dfb00000, 0x0000000100000000)
  eden space 63488K, 0% used [0x00000000d7500000,0x00000000d7500000,0x00000000db300000)
  from space 5120K, 99% used [0x00000000db300000,0x00000000db7fc030,0x00000000db800000)
  to   space 5120K, 0% used [0x00000000df600000,0x00000000df600000,0x00000000dfb00000)
 ParOldGen       total 84992K, used 7231K [0x0000000085e00000, 0x000000008b100000, 0x00000000d7500000)
  object space 84992K, 8% used [0x0000000085e00000,0x000000008650fdc0,0x000000008b100000)
 Metaspace       used 15647K, capacity 15980K, committed 16128K, reserved 1062912K
  class space    used 1893K, capacity 1986K, committed 2048K, reserved 1048576K
}
Event: 12.944 GC heap before
{Heap before GC invocations=4 (full 0):
 PSYoungGen      total 68608K, used 68592K [0x00000000d7500000, 0x00000000dfb00000, 0x0000000100000000)
  eden space 63488K, 100% used [0x00000000d7500000,0x00000000db300000,0x00000000db300000)
  from space 5120K, 99% used [0x00000000db300000,0x00000000db7fc030,0x00000000db800000)
  to   space 5120K, 0% used [0x00000000df600000,0x00000000df600000,0x00000000dfb00000)
 ParOldGen       total 84992K, used 7231K [0x0000000085e00000, 0x000000008b100000, 0x00000000d7500000)
  object space 84992K, 8% used [0x0000000085e00000,0x000000008650fdc0,0x000000008b100000)
 Metaspace       used 20665K, capacity 21166K, committed 21296K, reserved 1069056K
  class space    used 2490K, capacity 2651K, committed 2688K, reserved 1048576K
Event: 12.967 GC heap after
Heap after GC invocations=4 (full 0):
 PSYoungGen      total 132096K, used 5120K [0x00000000d7500000, 0x00000000dfb00000, 0x0000000100000000)
  eden space 126976K, 0% used [0x00000000d7500000,0x00000000d7500000,0x00000000df100000)
  from space 5120K, 100% used [0x00000000df600000,0x00000000dfb00000,0x00000000dfb00000)
  to   space 5120K, 0% used [0x00000000df100000,0x00000000df100000,0x00000000df600000)
 ParOldGen       total 84992K, used 12807K [0x0000000085e00000, 0x000000008b100000, 0x00000000d7500000)
  object space 84992K, 15% used [0x0000000085e00000,0x0000000086a81c00,0x000000008b100000)
 Metaspace       used 20665K, capacity 21166K, committed 21296K, reserved 1069056K
  class space    used 2490K, capacity 2651K, committed 2688K, reserved 1048576K
}

